[    1529ms] [INFO] %cDownload the React DevTools for a better development experience: https://react.dev/link/react-devtools font-weight:bold @ webpack-internal:///(app-pages-browser)/./node_modules/next/dist/next-devtools/shared/forward-logs-shared.js:27
[    1567ms] [LOG] [HMR] connected @ webpack-internal:///(app-pages-browser)/./node_modules/next/dist/next-devtools/shared/forward-logs-shared.js:27
[    1886ms] [LOG] [Fast Refresh] rebuilding @ webpack-internal:///(app-pages-browser)/./node_modules/next/dist/next-devtools/shared/forward-logs-shared.js:27
[    2218ms] [WARNING] An iframe which has both allow-scripts and allow-same-origin for its sandbox attribute can escape its sandboxing. @ webpack-internal:///(app-pages-browser)/./node_modules/next/dist/compiled/react-dom/cjs/react-dom-client.development.js:14181
[    2253ms] [LOG] [Fast Refresh] done in 368ms @ webpack-internal:///(app-pages-browser)/./node_modules/next/dist/next-devtools/shared/forward-logs-shared.js:27
[    2428ms] [WARNING] cdn.tailwindcss.com should not be used in production. To use Tailwind CSS in production, install it as a PostCSS plugin or use the Tailwind CLI: https://tailwindcss.com/docs/installation @ https://cdn.tailwindcss.com/:63
[    5659ms] [WARNING] The resource http://localhost:3000/_next/static/media/93f479601ee12b01-s.p.woff2?v=1776700814904 was preloaded using link preload but not used within a few seconds from the window's load event. Please make sure it has an appropriate `as` value and it is preloaded intentionally. @ http://localhost:3000/:0
[    5659ms] [WARNING] The resource http://localhost:3000/_next/static/media/4cf2300e9c8272f7-s.p.woff2?v=1776700814904 was preloaded using link preload but not used within a few seconds from the window's load event. Please make sure it has an appropriate `as` value and it is preloaded intentionally. @ http://localhost:3000/:0
[   18043ms] [WARNING] The resource http://localhost:3000/_next/static/media/93f479601ee12b01-s.p.woff2?v=1776700814904 was preloaded using link preload but not used within a few seconds from the window's load event. Please make sure it has an appropriate `as` value and it is preloaded intentionally. @ http://localhost:3000/:0
[   18043ms] [WARNING] The resource http://localhost:3000/_next/static/media/4cf2300e9c8272f7-s.p.woff2?v=1776700814904 was preloaded using link preload but not used within a few seconds from the window's load event. Please make sure it has an appropriate `as` value and it is preloaded intentionally. @ http://localhost:3000/:0
[   22353ms] [WARNING] The resource http://localhost:3000/_next/static/media/93f479601ee12b01-s.p.woff2?v=1776700814904 was preloaded using link preload but not used within a few seconds from the window's load event. Please make sure it has an appropriate `as` value and it is preloaded intentionally. @ http://localhost:3000/:0
[   22353ms] [WARNING] The resource http://localhost:3000/_next/static/media/4cf2300e9c8272f7-s.p.woff2?v=1776700814904 was preloaded using link preload but not used within a few seconds from the window's load event. Please make sure it has an appropriate `as` value and it is preloaded intentionally. @ http://localhost:3000/:0
[   35124ms] [WARNING] The resource http://localhost:3000/_next/static/media/93f479601ee12b01-s.p.woff2?v=1776700814904 was preloaded using link preload but not used within a few seconds from the window's load event. Please make sure it has an appropriate `as` value and it is preloaded intentionally. @ http://localhost:3000/:0
[   35125ms] [WARNING] The resource http://localhost:3000/_next/static/media/4cf2300e9c8272f7-s.p.woff2?v=1776700814904 was preloaded using link preload but not used within a few seconds from the window's load event. Please make sure it has an appropriate `as` value and it is preloaded intentionally. @ http://localhost:3000/:0
[   58723ms] [WARNING] The resource http://localhost:3000/_next/static/media/93f479601ee12b01-s.p.woff2?v=1776700814904 was preloaded using link preload but not used within a few seconds from the window's load event. Please make sure it has an appropriate `as` value and it is preloaded intentionally. @ http://localhost:3000/:0
[   58723ms] [WARNING] The resource http://localhost:3000/_next/static/media/4cf2300e9c8272f7-s.p.woff2?v=1776700814904 was preloaded using link preload but not used within a few seconds from the window's load event. Please make sure it has an appropriate `as` value and it is preloaded intentionally. @ http://localhost:3000/:0
[  330062ms] [LOG] [Fast Refresh] rebuilding @ webpack-internal:///(app-pages-browser)/./node_modules/next/dist/next-devtools/shared/forward-logs-shared.js:27
[  331193ms] [LOG] [Fast Refresh] done in 1132ms @ webpack-internal:///(app-pages-browser)/./node_modules/next/dist/next-devtools/shared/forward-logs-shared.js:27
[  334218ms] [WARNING] The resource http://localhost:3000/_next/static/media/93f479601ee12b01-s.p.woff2?v=1776700814904 was preloaded using link preload but not used within a few seconds from the window's load event. Please make sure it has an appropriate `as` value and it is preloaded intentionally. @ http://localhost:3000/:0
[  334218ms] [WARNING] The resource http://localhost:3000/_next/static/media/4cf2300e9c8272f7-s.p.woff2?v=1776700814904 was preloaded using link preload but not used within a few seconds from the window's load event. Please make sure it has an appropriate `as` value and it is preloaded intentionally. @ http://localhost:3000/:0
